0 info it worked if it ends with ok
1 verbose cli [ 'C:\\Program Files\\nodejs\\\\node.exe',
1 verbose cli   'C:\\Program Files\\nodejs\\node_modules\\npm\\bin\\npm-cli.js',
1 verbose cli   'i',
1 verbose cli   'conf' ]
2 info using npm@1.4.28
3 info using node@v0.10.35
4 verbose node symlink C:\Program Files\nodejs\\node.exe
5 warn package.json RESTfulService@1.0.0 No description
6 warn package.json RESTfulService@1.0.0 No README data
7 verbose readDependencies using package.json deps
8 verbose cache add [ 'conf', null ]
9 verbose cache add name=undefined spec="conf" args=["conf",null]
10 verbose parsed url { protocol: null,
10 verbose parsed url   slashes: null,
10 verbose parsed url   auth: null,
10 verbose parsed url   host: null,
10 verbose parsed url   port: null,
10 verbose parsed url   hostname: null,
10 verbose parsed url   hash: null,
10 verbose parsed url   search: null,
10 verbose parsed url   query: null,
10 verbose parsed url   pathname: 'conf',
10 verbose parsed url   path: 'conf',
10 verbose parsed url   href: 'conf' }
11 silly lockFile 2d4de2ba-conf conf
12 verbose lock conf C:\Users\я\AppData\Roaming\npm-cache\2d4de2ba-conf.lock
13 silly lockFile 2d4de2ba-conf conf
14 silly lockFile 2d4de2ba-conf conf
15 verbose addNamed [ 'conf', '' ]
16 verbose addNamed [ null, '*' ]
17 silly lockFile 535d2135-conf conf@
18 verbose lock conf@ C:\Users\я\AppData\Roaming\npm-cache\535d2135-conf.lock
19 silly addNameRange { name: 'conf', range: '*', hasData: false }
20 verbose request where is /conf
21 verbose request registry https://registry.npmjs.org/
22 verbose request id 5b13b42e60feb4d5
23 verbose url raw /conf
24 verbose url resolving [ 'https://registry.npmjs.org/', './conf' ]
25 verbose url resolved https://registry.npmjs.org/conf
26 verbose request where is https://registry.npmjs.org/conf
27 info trying registry request attempt 1 at 11:59:44
28 http GET https://registry.npmjs.org/conf
29 http 200 https://registry.npmjs.org/conf
30 silly registry.get cb [ 200,
30 silly registry.get   { date: 'Tue, 30 Dec 2014 10:59:46 GMT',
30 silly registry.get     server: 'CouchDB/1.5.0 (Erlang OTP/R16B03)',
30 silly registry.get     etag: '"ENYE1NXIRJHTG8MUXUKWRIMCJ"',
30 silly registry.get     'content-type': 'application/json',
30 silly registry.get     'cache-control': 'max-age=60',
30 silly registry.get     'content-length': '4323',
30 silly registry.get     'accept-ranges': 'bytes',
30 silly registry.get     via: '1.1 varnish',
30 silly registry.get     age: '0',
30 silly registry.get     'x-served-by': 'cache-ams4124-AMS',
30 silly registry.get     'x-cache': 'MISS',
30 silly registry.get     'x-cache-hits': '0',
30 silly registry.get     'x-timer': 'S1419937186.350793,VS0,VE169',
30 silly registry.get     vary: 'Accept',
30 silly registry.get     'keep-alive': 'timeout=10, max=50',
30 silly registry.get     connection: 'Keep-Alive' } ]
31 silly addNameRange number 2 { name: 'conf', range: '*', hasData: true }
32 silly addNameRange versions [ 'conf', [ '0.8.0', '0.8.1', '0.8.2', '0.8.3', '0.8.4' ] ]
33 verbose addNamed [ 'conf', '0.8.4' ]
34 verbose addNamed [ '0.8.4', '0.8.4' ]
35 silly lockFile 2c01607e-conf-0-8-4 conf@0.8.4
36 verbose lock conf@0.8.4 C:\Users\я\AppData\Roaming\npm-cache\2c01607e-conf-0-8-4.lock
37 silly lockFile 15656ba1-ry-npmjs-org-conf-conf-0-8-4-tgz https://registry.npmjs.org/conf/-/conf-0.8.4.tgz
38 verbose lock https://registry.npmjs.org/conf/-/conf-0.8.4.tgz C:\Users\я\AppData\Roaming\npm-cache\15656ba1-ry-npmjs-org-conf-conf-0-8-4-tgz.lock
39 verbose addRemoteTarball [ 'https://registry.npmjs.org/conf/-/conf-0.8.4.tgz',
39 verbose addRemoteTarball   '278aa5d8fe0108d2d72215b5c794b5f000333598' ]
40 info retry fetch attempt 1 at 11:59:44
41 verbose fetch to= C:\Users\E0F1~1\AppData\Local\Temp\npm-8168-ot70wt5P\registry.npmjs.org\conf\-\conf-0.8.4.tgz
42 http GET https://registry.npmjs.org/conf/-/conf-0.8.4.tgz
43 http 200 https://registry.npmjs.org/conf/-/conf-0.8.4.tgz
44 silly lockFile 15656ba1-ry-npmjs-org-conf-conf-0-8-4-tgz https://registry.npmjs.org/conf/-/conf-0.8.4.tgz
45 silly lockFile 15656ba1-ry-npmjs-org-conf-conf-0-8-4-tgz https://registry.npmjs.org/conf/-/conf-0.8.4.tgz
46 silly lockFile 2c01607e-conf-0-8-4 conf@0.8.4
47 silly lockFile 2c01607e-conf-0-8-4 conf@0.8.4
48 silly lockFile 535d2135-conf conf@
49 silly lockFile 535d2135-conf conf@
50 silly resolved [ { name: 'conf',
50 silly resolved     version: '0.8.4',
50 silly resolved     description: 'Config library for Nodejs',
50 silly resolved     keywords: [ 'dsl', 'conf', 'config', 'script', 'general' ],
50 silly resolved     homepage: 'https://github.com/jfd/node-conf',
50 silly resolved     author:
50 silly resolved      { name: 'Johan Dahlberg',
50 silly resolved        email: 'dahlberg.johan@gmail.com',
50 silly resolved        url: 'https://github.com/jfd/' },
50 silly resolved     main: './conf',
50 silly resolved     repository: { type: 'git', url: 'git://github.com/jfd/node-conf.git' },
50 silly resolved     os: [ 'macos', 'linux' ],
50 silly resolved     engines: { node: '>=0.3.0' },
50 silly resolved     dependencies: {},
50 silly resolved     devDependencies: {},
50 silly resolved     _id: 'conf@0.8.4',
50 silly resolved     _engineSupported: true,
50 silly resolved     _npmVersion: '1.0.3',
50 silly resolved     _nodeVersion: 'v0.5.3',
50 silly resolved     _defaultsLoaded: true,
50 silly resolved     dist:
50 silly resolved      { shasum: '278aa5d8fe0108d2d72215b5c794b5f000333598',
50 silly resolved        tarball: 'http://registry.npmjs.org/conf/-/conf-0.8.4.tgz' },
50 silly resolved     scripts: {},
50 silly resolved     maintainers: [ [Object] ],
50 silly resolved     directories: {},
50 silly resolved     _shasum: '278aa5d8fe0108d2d72215b5c794b5f000333598',
50 silly resolved     _from: 'conf@',
50 silly resolved     _resolved: 'https://registry.npmjs.org/conf/-/conf-0.8.4.tgz' } ]
51 info install conf@0.8.4 into C:\Users\я\Documents\GitHub\RESTfulService
52 info installOne conf@0.8.4
53 error notsup Unsupported
53 error notsup Not compatible with your operating system or architecture: conf@0.8.4
53 error notsup Valid OS:    macos,linux
53 error notsup Valid Arch:  any
53 error notsup Actual OS:   win32
53 error notsup Actual Arch: x64
54 error System Windows_NT 6.1.7600
55 error command "C:\\Program Files\\nodejs\\\\node.exe" "C:\\Program Files\\nodejs\\node_modules\\npm\\bin\\npm-cli.js" "i" "conf"
56 error cwd C:\Users\я\Documents\GitHub\RESTfulService
57 error node -v v0.10.35
58 error npm -v 1.4.28
59 error code EBADPLATFORM
60 verbose exit [ 1, true ]
